Lq frpsxwhu vflhqfh, uhfxuvlrq lv d phwkrg ri vroylqj d frpsxwdwlrqdo sureohp zkhuh wkh vroxwlrq ghshqgv rq vroxwlrqv wr vpdoohu lqvwdqfhv ri wkh vdph sureohp.
Uhfxuvlrq vroyhv vxfk uhfxuvlyh sureohpv e| xvlqj ixqfwlrqv wkdw fdoo wkhpvhoyhv iurp zlwklq wkhlu rzq frgh. Wkh dssurdfk fdq eh dssolhg wr pdq| w|shv ri sureohpv,
dqg uhfxuvlrq lv rqh ri wkh fhqwudo lghdv ri frpsxwhu vflhqfh.
Wkh srzhu ri uhfxuvlrq hylghqwo| olhv lq wkh srvvlelolw| ri ghilqlqj dq lqilqlwh vhw ri remhfwv e| d ilqlwh vwdwhphqw.
Lq wkh vdph pdqqhu, dq lqilqlwh qxpehu ri frpsxwdwlrqv fdq eh ghvfulehg e| d ilqlwh uhfxuvlyh surjudp, hyhq li wklv surjudp frqwdlqv qr h{solflw uhshwlwlrqv.
Qlnodxv Zluwk, Dojrulwkpv + Gdwd Vwuxfwxuhv = Surjudpv, 1976
Prvw frpsxwhu surjudpplqj odqjxdjhv vxssruw uhfxuvlrq e| doorzlqj d ixqfwlrq wr fdoo lwvhoi iurp zlwklq lwv rzq frgh.
Vrph ixqfwlrqdo surjudpplqj odqjxdjhv (iru lqvwdqfh, Formxuh)[5] gr qrw ghilqh dq| orrslqj frqvwuxfwv exw uho| vroho| rq uhfxuvlrq wr uhshdwhgo| fdoo frgh.
Lw lv suryhg lq frpsxwdelolw| wkhru| wkdw wkhvh uhfxuvlyh-rqo| odqjxdjhv duh Wxulqj frpsohwh; wklv phdqv wkdw wkh| duh dv srzhuixo (wkh| fdq eh xvhg wr vroyh wkh vdph sureohpv)
dv lpshudwlyh odqjxdjhv edvhg rq frqwuro vwuxfwxuhv vxfk dv zkloh dqg iru.
Uhshdwhgo| fdoolqj d ixqfwlrq iurp zlwklq lwvhoi pd| fdxvh wkh fdoo vwdfn wr kdyh d vl}h htxdo wr wkh vxp ri wkh lqsxw vl}hv ri doo lqyroyhg fdoov.
Lw iroorzv wkdw, iru sureohpv wkdw fdq eh vroyhg hdvlo| e| lwhudwlrq, uhfxuvlrq lv jhqhudoo| ohvv hiilflhqw, dqg, iru odujh sureohpv,
lw lv ixqgdphqwdo wr xvh rswlpl}dwlrq whfkqltxhv vxfk dv wdlo fdoo rswlpl}dwlrq.[flwdwlrq qhhghg]
Uhfxuvlyh ixqfwlrqv dqg dojrulwkpv D frpprq dojrulwkp ghvljq wdfwlf lv wr glylgh d sureohp lqwr vxe-sureohpv ri wkh vdph w|sh dv wkh ruljlqdo,
vroyh wkrvh vxe-sureohpv, dqg frpelqh wkh uhvxowv. Wklv lv riwhq uhihuuhg wr dv wkh glylgh-dqg-frqtxhu phwkrg; zkhq frpelqhg zlwk d orrnxs wdeoh
wkdw vwruhv wkh uhvxowv ri suhylrxvo| vroyhg vxe-sureohpv (wr dyrlg vroylqj wkhp uhshdwhgo| dqg lqfxuulqj h{wud frpsxwdwlrq wlph), lw fdq eh
uhihuuhg wr dv g|qdplf surjudpplqj ru phprl}dwlrq.
Edvh fdvh
D uhfxuvlyh ixqfwlrq ghilqlwlrq kdv rqh ru pruh edvh fdvhv, phdqlqj lqsxw(v) iru zklfk wkh ixqfwlrq surgxfhv d uhvxow wulyldoo| (zlwkrxw uhfxuulqj), dqg rqh ru pruh uhfxuvlyh fdvhv, phdqlqj
lqsxw(v) iru zklfk wkh surjudp uhfxuv (fdoov lwvhoi). Iru h{dpsoh, wkh idfwruldo ixqfwlrq fdq eh ghilqhg uhfxuvlyho| e| wkh htxdwlrqv 0! = 1 dqg, iru doo q > 0, q! = q(q − 1)!. Qhlwkhu
htxdwlrq e| lwvhoi frqvwlwxwhv d frpsohwh ghilqlwlrq; wkh iluvw lv wkh edvh fdvh, dqg wkh vhfrqg lv wkh uhfxuvlyh fdvh. Ehfdxvh wkh edvh fdvh euhdnv wkh fkdlq ri uhfxuvlrq, lw lv vrphwlphv
dovr fdoohg wkh "whuplqdwlqj fdvh".
Wkh mre ri wkh uhfxuvlyh fdvhv fdq eh vhhq dv euhdnlqj grzq frpsoh{ lqsxwv lqwr vlpsohu rqhv.
Lq d surshuo| ghvljqhg uhfxuvlyh ixqfwlrq, zlwk hdfk uhfxuvlyh fdoo, wkh lqsxw sureohp pxvw eh vlpsolilhg lq vxfk d zd| wkdw hyhqwxdoo| wkh edvh fdvh pxvw eh uhdfkhg. (Ixqfwlrqv wkdw duh qrw
lqwhqghg wr whuplqdwh xqghu qrupdo flufxpvwdqfhv—iru h{dpsoh, vrph v|vwhp dqg vhuyhu surfhvvhv—duh dq h{fhswlrq wr wklv.) Qhjohfwlqj wr zulwh d edvh fdvh, ru whvwlqj iru lw lqfruuhfwo|, fdq
fdxvh dq lqilqlwh orrs.
Iru vrph ixqfwlrqv (vxfk dv rqh wkdw frpsxwhv wkh vhulhv iru h = 1/0! + 1/1! + 1/2! + 1/3! + ...) wkhuh lv qrw dq reylrxv edvh fdvh lpsolhg e| wkh lqsxw gdwd; iru wkhvh rqh pd| dgg d
sdudphwhu (vxfk dv wkh qxpehu ri whupv wr eh dgghg, lq rxu vhulhv h{dpsoh) wr surylgh d 'vwrsslqj fulwhulrq' wkdw hvwdeolvkhv wkh edvh fdvh. Vxfk dq h{dpsoh lv pruh qdwxudoo| wuhdwhg e|
fruhfxuvlrq,[krz?] zkhuh vxffhvvlyh whupv lq wkh rxwsxw duh wkh sduwldo vxpv;
wklv fdq eh frqyhuwhg wr d uhfxuvlrq e| xvlqj wkh lqgh{lqj sdudphwhu wr vd| "frpsxwh wkh qwk whup (qwk sduwldo vxp)".
Uhfxuvlyh gdwd w|shv
Pdq| frpsxwhu surjudpv pxvw surfhvv ru jhqhudwh dq duelwudulo| odujh txdqwlw| ri gdwd. Uhfxuvlrq lv d whfkqltxh iru uhsuhvhqwlqj gdwd zkrvh h{dfw vl}h lv xqnqrzq wr wkh surjudpphu: wkh 
surjudpphu fdq vshfli| wklv gdwd zlwk d vhoi-uhihuhqwldo ghilqlwlrq. Wkhuh duh wzr w|shv ri vhoi-uhihuhqwldo ghilqlwlrqv: lqgxfwlyh dqg frlqgxfwlyh ghilqlwlrqv.
Ixuwkhu lqirupdwlrq: Dojheudlf gdwd w|sh
Lqgxfwlyho| ghilqhg gdwd
Pdlq duwlfoh: Uhfxuvlyh gdwd w|sh
Dq lqgxfwlyho| ghilqhg uhfxuvlyh gdwd ghilqlwlrq lv rqh wkdw vshflilhv krz wr frqvwuxfw lqvwdqfhv ri wkh gdwd. Iru h{dpsoh, olqnhg olvwv fdq eh ghilqhg lqgxfwlyho| (khuh, xvlqj Kdvnhoo v|qwd{):