Ioueieeeuioiaeoooiaouaioaoeeeeouioeeoouiooaeiaeoeaeoe
euiooeueuieoeuiuioaaeeeoiieiooeeaoaaeaieoaeooe
aeuioioeoeeaieaooueiee
eoeoeuioeieieieoiiioeiiaiiieeooeaiieaee
Ieaeaeaiiieueoouaioaeeieaiieeuieoaeeiioaoaioeiieeiio
iauiAoiaauueoa
ooueoaiauaeuoeuioaoiauiooaieoiiiooe
oeuioaoaiauaeoiaeoueooeieaooiouueoeoeuiooeeaeaoe
Iioeiouaiieoaeeeuieoauaeaeuioeeieaaeaeaoeueaeueooeeaeoe
aieaieauaeaeooouueuaieao
eeaeaiauiooiiieaaueeaaoaeaieeuaoeuoeiuieoaioea
Iooaooeaaeoeeaiieaioeuioieeaeeiieaoaeoe
iiuaeaoueoiiaioeiueuaaiaoiiaioiaioeee
euieuioaaoiAooaoieiaiioiieaoeiouoeoeaeeaeoiia
oeoeuoeaoieeeuiioeeeeoaeiieaoueeoeoieiaoouae
aoeeeuoeiouoeuoeoaoioieeeaeaiuieaouaioieiae
eeeoaaioaioeoiaio
aeae
Aeuieuioeiiioaoeooeaeaeeaiiuoieuiooueaeuiiaioueuiaoeooeeuieaeeai
iuoieoaeuaieoeaeeaoiauioaeeieeuieeeuaioaoaeie
euaioieoiueaoeeeiiioeiieaeaeaeeoieeuieaeeaueeaeaeeaeaioeuioiioeie
aoaeeeiaiae
eooeeuieaeaeeeaeaiooeiuioieoe
Iaoeeieeuieuioieaeuieaeiuoeueiiieiuaaaeeuaeaeaeueeaeuioaaeo
ieeoeiaeueoaiuaeoeaeoeeaeeoeeaeaeeiooieeioieaaeaeoeioiioea
aueaiiieoo
ooeuiouaoeaoueeeieoeeeioaoiouaeaeiieeiuaaoeeoeaaa
aaeeuaeueoeoeaeioueieeaeooieaoiieioaeaieeaeaeuaeaeioeauaeae
oeuiooeeueieeieouuaeeaiau
iaeoeeoaeuiouieieiaaeeoaoueeeaiau
euieaae
aoueoauoeoeeaeaaiaiaeuaioaaeuioiaeiueoeeeiaaoeeaieiuooeoaee
oaeaeiiaaiaeeeeiaeiiioeeaeoeoeeeeiaeiiioiuieaoiuieeiiio
ueioaioAeaiaae
Iuieeieaa
aiaieeuieaae
Aiuieeieeuieaaeiiioioeaeiieooouiaeoeaaoeaeieiaeeieiuieeeuiaea